  Game.cpp
  main.cpp
h:\youtube projects\sfml_c++_simple_games\sfml_c++_simple_games\sfml_c++_simple_games\main.cpp(19): fatal error C1010: unexpected end of file while looking for precompiled header. Did you forget to add '#include "stdafx.h"' to your source?

Project Performance Summary:
      526 ms  H:\YOUTUBE PROJECTS\SFML_C++_Simple_Games\SFML_C++_Simple_Games\SFML_C++_Simple_Games\SFML_C++_Simple_Games.vcxproj   1 calls
                526 ms  Build                                      1 calls

Target Performance Summary:
        0 ms  SelectCustomBuild                          1 calls
        0 ms  _HandlePackageFileConflicts                1 calls
        0 ms  ResolveAssemblyReferences                  1 calls
        0 ms  AfterResolveReferences                     1 calls
        0 ms  BuildCompileTraverse                       1 calls
        0 ms  SelectClCompile                            1 calls
        0 ms  BuildGenerateSourcesTraverse               1 calls
        0 ms  BeforeBuildGenerateSources                 1 calls
        0 ms  PreBuildEvent                              1 calls
        0 ms  BuildGenerateSources                       1 calls
        0 ms  CopyFileToFolders                          1 calls
        0 ms  _Xsd                                       1 calls
        0 ms  MakeDirsForMidl                            1 calls
        0 ms  ComputeMIDLGeneratedCompileInputs          1 calls
        0 ms  AfterMidl                                  1 calls
        0 ms  _Midl                                      1 calls
        0 ms  ExpandSDKReferences                        1 calls
        0 ms  AfterBuildGenerateSources                  1 calls
        0 ms  ResolveSDKReferences                       1 calls
        0 ms  SetCABuildNativeEnvironmentVariables       1 calls
        0 ms  FixupCLCompileOptions                      1 calls
        0 ms  _PrepareForBuild                           1 calls
        0 ms  _PrepareForReferenceResolution             1 calls
        0 ms  BeforeResolveReferences                    1 calls
        0 ms  ComputeReferenceCLInput                    1 calls
        0 ms  _SplitProjectReferencesByFileExistence     1 calls
        0 ms  BeforeClCompile                            1 calls
        0 ms  PrepareProjectReferences                   1 calls
        0 ms  GetReferenceAssemblyPaths                  1 calls
        0 ms  ComputeCLInputPDBName                      1 calls
        0 ms  GetResolvedWinMD                           1 calls
        0 ms  PlatformPrepareForBuild                    1 calls
        0 ms  _CheckWindowsSDKInstalled                  1 calls
        0 ms  ResolveProjectReferences                   1 calls
        0 ms  AfterBuildGenerateSourcesEvent             1 calls
        1 ms  _GetProjectReferenceTargetFrameworkProperties   1 calls
        1 ms  GetFrameworkPaths                          1 calls
        1 ms  ResolveReferences                          1 calls
        1 ms  AssignProjectConfiguration                 1 calls
        1 ms  _SelectedFiles                             1 calls
        1 ms  MakeDirsForCl                              1 calls
        1 ms  WarnCompileDuplicatedFilename              1 calls
        1 ms  SetBuildDefaultEnvironmentVariables        1 calls
        1 ms  _BuildGenerateSourcesAction                1 calls
        1 ms  SetTelemetryEnvironmentVariables           1 calls
        2 ms  _CheckForInvalidConfigurationAndPlatform   1 calls
        3 ms  PrepareForBuild                            1 calls
       34 ms  InitializeBuildStatus                      1 calls
      470 ms  ClCompile                                  1 calls

Task Performance Summary:
        0 ms  Message                                    2 calls
        0 ms  ResolvePackageFileConflicts                1 calls
        0 ms  ReadLinesFromFile                          1 calls
        0 ms  GetOutOfDateItems                          1 calls
        1 ms  Touch                                      1 calls
        1 ms  MSBuild                                    1 calls
        1 ms  AssignProjectConfiguration                 1 calls
        1 ms  MakeDir                                    4 calls
        2 ms  SetEnv                                     8 calls
       32 ms  WriteLinesToFile                           1 calls
      470 ms  CL                                         2 calls
